


Scale 01	:	Kanakangi
Arohanam	:	  C	 C#	  D	  F	  G	 G#	  A	  C	
Avarohanam	:	  C	  A	 G#	  G	  F	  D	 C#	  C	


Scale 02	:	Rathnangi
Arohanam	:	  C	 C#	  D	  F	  G	 G#	 A#	  C	
Avarohanam	:	  C	 A#	 G#	  G	  F	  D	 C#	  C	


Scale 03	:	Ganamurthi
Arohanam	:	  C	 C#	  D	  F	  G	 G#	  B	  C	
Avarohanam	:	  C	  B	 G#	  G	  F	  D	 C#	  C	


Scale 04	:	Vanaspati
Arohanam	:	  C	 C#	  D	  F	  G	  A	 A#	  C	
Avarohanam	:	  C	 A#	  A	  G	  F	  D	 C#	  C	


Scale 05	:	Manavati
Arohanam	:	  C	 C#	  D	  F	  G	  A	  B	  C	
Avarohanam	:	  C	  B	  A	  G	  F	  D	 C#	  C	


Scale 06	:	Tanapuri
Arohanam	:	  C	 C#	  D	  F	  G	 A#	  B	  C	
Avarohanam	:	  C	  B	 A#	  G	  F	  D	 C#	  C	


Scale 07	:	Senavati
Arohanam	:	  C	 C#	 D#	  F	  G	 G#	  A	  C	
Avarohanam	:	  C	  A	 G#	  G	  F	 D#	 C#	  C	


Scale 08	:	Hanumatodi
Arohanam	:	  C	 C#	 D#	  F	  G	 G#	 A#	  C	
Avarohanam	:	  C	 A#	 G#	  G	  F	 D#	 C#	  C	


Scale 09	:	Dhenuka
Arohanam	:	  C	 C#	 D#	  F	  G	 G#	  B	  C	
Avarohanam	:	  C	  B	 G#	  G	  F	 D#	 C#	  C	


Scale 10	:	Natakapriya
Arohanam	:	  C	 C#	 D#	  F	  G	  A	 A#	  C	
Avarohanam	:	  C	 A#	  A	  G	  F	 D#	 C#	  C	


Scale 11	:	Kokilapriya
Arohanam	:	  C	 C#	 D#	  F	  G	  A	  B	  C	
Avarohanam	:	  C	  B	  A	  G	  F	 D#	 C#	  C	


Scale 12	:	Rupavati
Arohanam	:	  C	 C#	 D#	  F	  G	 A#	  B	  C	
Avarohanam	:	  C	  B	 A#	  G	  F	 D#	 C#	  C	


Scale 13	:	Gayakapriya
Arohanam	:	  C	 C#	  E	  F	  G	 G#	  A	  C	
Avarohanam	:	  C	  A	 G#	  G	  F	  E	 C#	  C	


Scale 14	:	Vakulabaranam
Arohanam	:	  C	 C#	  E	  F	  G	 G#	 A#	  C	
Avarohanam	:	  C	 A#	 G#	  G	  F	  E	 C#	  C	


Scale 15	:	Mayamalavagowla
Arohanam	:	  C	 C#	  E	  F	  G	 G#	  B	  C	
Avarohanam	:	  C	  B	 G#	  G	  F	  E	 C#	  C	


Scale 16	:	Chakravaham
Arohanam	:	  C	 C#	  E	  F	  G	  A	 A#	  C	
Avarohanam	:	  C	 A#	  A	  G	  F	  E	 C#	  C	


Scale 17	:	Suryakantam
Arohanam	:	  C	 C#	  E	  F	  G	  A	  B	  C	
Avarohanam	:	  C	  B	  A	  G	  F	  E	 C#	  C	


Scale 18	:	Hatambari
Arohanam	:	  C	 C#	  E	  F	  G	 A#	  B	  C	
Avarohanam	:	  C	  B	 A#	  G	  F	  E	 C#	  C	


Scale 19	:	Jhankaradhwani
Arohanam	:	  C	  D	 D#	  F	  G	 G#	  A	  C	
Avarohanam	:	  C	  A	 G#	  G	  F	 D#	  D	  C	


Scale 20	:	Natabairavi
Arohanam	:	  C	  D	 D#	  F	  G	 G#	 A#	  C	
Avarohanam	:	  C	 A#	 G#	  G	  F	 D#	  D	  C	


Scale 21	:	Kiravani
Arohanam	:	  C	  D	 D#	  F	  G	 G#	  B	  C	
Avarohanam	:	  C	  B	 G#	  G	  F	 D#	  D	  C	


Scale 22	:	Karahapriya
Arohanam	:	  C	  D	 D#	  F	  G	  A	 A#	  C	
Avarohanam	:	  C	 A#	  A	  G	  F	 D#	  D	  C	


Scale 23	:	Gowri Manohari
Arohanam	:	  C	  D	 D#	  F	  G	  A	  B	  C	
Avarohanam	:	  C	  B	  A	  G	  F	 D#	  D	  C	


Scale 24	:	Varunapriya
Arohanam	:	  C	  D	 D#	  F	  G	 A#	  B	  C	
Avarohanam	:	  C	  B	 A#	  G	  F	 D#	  D	  C	


Scale 25	:	Mararanjani
Arohanam	:	  C	  D	  E	  F	  G	 G#	  A	  C	
Avarohanam	:	  C	  A	 G#	  G	  F	  E	  D	  C	


Scale 26	:	Charukesi
Arohanam	:	  C	  D	  E	  F	  G	 G#	 A#	  C	
Avarohanam	:	  C	 A#	 G#	  G	  F	  E	  D	  C	


Scale 27	:	Sarasangi
Arohanam	:	  C	  D	  E	  F	  G	 G#	  B	  C	
Avarohanam	:	  C	  B	 G#	  G	  F	  E	  D	  C	


Scale 28	:	Harikambhoji
Arohanam	:	  C	  D	  E	  F	  G	  A	 A#	  C	
Avarohanam	:	  C	 A#	  A	  G	  F	  E	  D	  C	


Scale 29	:	Dhira Sankarabaranam
Arohanam	:	  C	  D	  E	  F	  G	  A	  B	  C	
Avarohanam	:	  C	  B	  A	  G	  F	  E	  D	  C	


Scale 30	:	Naganandini
Arohanam	:	  C	  D	  E	  F	  G	 A#	  B	  C	
Avarohanam	:	  C	  B	 A#	  G	  F	  E	  D	  C	


Scale 31	:	Yagapriya
Arohanam	:	  C	 D#	  E	  F	  G	 G#	  A	  C	
Avarohanam	:	  C	  A	 G#	  G	  F	  E	 D#	  C	


Scale 32	:	Ragavardhini
Arohanam	:	  C	 D#	  E	  F	  G	 G#	 A#	  C	
Avarohanam	:	  C	 A#	 G#	  G	  F	  E	 D#	  C	


Scale 33	:	Gangayabushani
Arohanam	:	  C	 D#	  E	  F	  G	 G#	  B	  C	
Avarohanam	:	  C	  B	 G#	  G	  F	  E	 D#	  C	


Scale 34	:	Vegadishwari
Arohanam	:	  C	 D#	  E	  F	  G	  A	 A#	  C	
Avarohanam	:	  C	 A#	  A	  G	  F	  E	 D#	  C	


Scale 35	:	Shulini
Arohanam	:	  C	 D#	  E	  F	  G	  A	  B	  C	
Avarohanam	:	  C	  B	  A	  G	  F	  E	 D#	  C	


Scale 36	:	Calanattai
Arohanam	:	  C	 D#	  E	  F	  G	 A#	  B	  C	
Avarohanam	:	  C	  B	 A#	  G	  F	  E	 D#	  C	


Scale 37	:	Salagam
Arohanam	:	  C	 C#	  D	 F#	  G	 G#	  A	  C	
Avarohanam	:	  C	  A	 G#	  G	 F#	  D	 C#	  C	


Scale 38	:	Jalavarnam
Arohanam	:	  C	 C#	  D	 F#	  G	 G#	 A#	  C	
Avarohanam	:	  C	 A#	 G#	  G	 F#	  D	 C#	  C	


Scale 39	:	Jhalavarali
Arohanam	:	  C	 C#	  D	 F#	  G	 G#	  B	  C	
Avarohanam	:	  C	  B	 G#	  G	 F#	  D	 C#	  C	


Scale 40	:	Navaneetam
Arohanam	:	  C	 C#	  D	 F#	  G	  A	 A#	  C	
Avarohanam	:	  C	 A#	  A	  G	 F#	  D	 C#	  C	


Scale 41	:	Pavani
Arohanam	:	  C	 C#	  D	 F#	  G	  A	  B	  C	
Avarohanam	:	  C	  B	  A	  G	 F#	  D	 C#	  C	


Scale 42	:	Raghupriya
Arohanam	:	  C	 C#	  D	 F#	  G	 A#	  B	  C	
Avarohanam	:	  C	  B	 A#	  G	 F#	  D	 C#	  C	


Scale 43	:	Ghavambodhi
Arohanam	:	  C	 C#	 D#	 F#	  G	 G#	  A	  C	
Avarohanam	:	  C	  A	 G#	  G	 F#	 D#	 C#	  C	


Scale 44	:	Bhavapriya
Arohanam	:	  C	 C#	 D#	 F#	  G	 G#	 A#	  C	
Avarohanam	:	  C	 A#	 G#	  G	 F#	 D#	 C#	  C	


Scale 45	:	Shubhapantuvarali
Arohanam	:	  C	 C#	 D#	 F#	  G	 G#	  B	  C	
Avarohanam	:	  C	  B	 G#	  G	 F#	 D#	 C#	  C	


Scale 46	:	Shadvidamargini
Arohanam	:	  C	 C#	 D#	 F#	  G	  A	 A#	  C	
Avarohanam	:	  C	 A#	  A	  G	 F#	 D#	 C#	  C	


Scale 47	:	Suvarnangi
Arohanam	:	  C	 C#	 D#	 F#	  G	  A	  B	  C	
Avarohanam	:	  C	  B	  A	  G	 F#	 D#	 C#	  C	


Scale 48	:	Divyamani
Arohanam	:	  C	 C#	 D#	 F#	  G	 A#	  B	  C	
Avarohanam	:	  C	  B	 A#	  G	 F#	 D#	 C#	  C	


Scale 49	:	Dhavalambari
Arohanam	:	  C	 C#	  E	 F#	  G	 G#	  A	  C	
Avarohanam	:	  C	  A	 G#	  G	 F#	  E	 C#	  C	


Scale 50	:	Namanarayani
Arohanam	:	  C	 C#	  E	 F#	  G	 G#	 A#	  C	
Avarohanam	:	  C	 A#	 G#	  G	 F#	  E	 C#	  C	


Scale 51	:	Kamavardhini
Arohanam	:	  C	 C#	  E	 F#	  G	 G#	  B	  C	
Avarohanam	:	  C	  B	 G#	  G	 F#	  E	 C#	  C	


Scale 52	:	Ramapriya
Arohanam	:	  C	 C#	  E	 F#	  G	  A	 A#	  C	
Avarohanam	:	  C	 A#	  A	  G	 F#	  E	 C#	  C	


Scale 53	:	Gamanashrama
Arohanam	:	  C	 C#	  E	 F#	  G	  A	  B	  C	
Avarohanam	:	  C	  B	  A	  G	 F#	  E	 C#	  C	


Scale 54	:	Vishwambari
Arohanam	:	  C	 C#	  E	 F#	  G	 A#	  B	  C	
Avarohanam	:	  C	  B	 A#	  G	 F#	  E	 C#	  C	


Scale 55	:	Shamalangi
Arohanam	:	  C	  D	 D#	 F#	  G	 G#	  A	  C	
Avarohanam	:	  C	  A	 G#	  G	 F#	 D#	  D	  C	


Scale 56	:	Shanmughapriya
Arohanam	:	  C	  D	 D#	 F#	  G	 G#	 A#	  C	
Avarohanam	:	  C	 A#	 G#	  G	 F#	 D#	  D	  C	


Scale 57	:	Simhendra Madhyamam
Arohanam	:	  C	  D	 D#	 F#	  G	 G#	  B	  C	
Avarohanam	:	  C	  B	 G#	  G	 F#	 D#	  D	  C	


Scale 58	:	Hemavati
Arohanam	:	  C	  D	 D#	 F#	  G	  A	 A#	  C	
Avarohanam	:	  C	 A#	  A	  G	 F#	 D#	  D	  C	


Scale 59	:	Dharmavati
Arohanam	:	  C	  D	 D#	 F#	  G	  A	  B	  C	
Avarohanam	:	  C	  B	  A	  G	 F#	 D#	  D	  C	


Scale 60	:	Nitimati
Arohanam	:	  C	  D	 D#	 F#	  G	 A#	  B	  C	
Avarohanam	:	  C	  B	 A#	  G	 F#	 D#	  D	  C	


Scale 61	:	Kantamani
Arohanam	:	  C	  D	  E	 F#	  G	 G#	  A	  C	
Avarohanam	:	  C	  A	 G#	  G	 F#	  E	  D	  C	


Scale 62	:	Rishabapriya
Arohanam	:	  C	  D	  E	 F#	  G	 G#	 A#	  C	
Avarohanam	:	  C	 A#	 G#	  G	 F#	  E	  D	  C	


Scale 63	:	Latangi
Arohanam	:	  C	  D	  E	 F#	  G	 G#	  B	  C	
Avarohanam	:	  C	  B	 G#	  G	 F#	  E	  D	  C	


Scale 64	:	Vachaspati
Arohanam	:	  C	  D	  E	 F#	  G	  A	 A#	  C	
Avarohanam	:	  C	 A#	  A	  G	 F#	  E	  D	  C	


Scale 65	:	Mechakalyani
Arohanam	:	  C	  D	  E	 F#	  G	  A	  B	  C	
Avarohanam	:	  C	  B	  A	  G	 F#	  E	  D	  C	


Scale 66	:	Chitrambari
Arohanam	:	  C	  D	  E	 F#	  G	 A#	  B	  C	
Avarohanam	:	  C	  B	 A#	  G	 F#	  E	  D	  C	


Scale 67	:	Sucaritra
Arohanam	:	  C	 D#	  E	 F#	  G	 G#	  A	  C	
Avarohanam	:	  C	  A	 G#	  G	 F#	  E	 D#	  C	


Scale 68	:	Jyotiswarupini
Arohanam	:	  C	 D#	  E	 F#	  G	 G#	 A#	  C	
Avarohanam	:	  C	 A#	 G#	  G	 F#	  E	 D#	  C	


Scale 69	:	Dhatuvardani
Arohanam	:	  C	 D#	  E	 F#	  G	 G#	  B	  C	
Avarohanam	:	  C	  B	 G#	  G	 F#	  E	 D#	  C	


Scale 70	:	Nasikabhushani
Arohanam	:	  C	 D#	  E	 F#	  G	  A	 A#	  C	
Avarohanam	:	  C	 A#	  A	  G	 F#	  E	 D#	  C	


Scale 71	:	Kosalam
Arohanam	:	  C	 D#	  E	 F#	  G	  A	  B	  C	
Avarohanam	:	  C	  B	  A	  G	 F#	  E	 D#	  C	


Scale 72	:	Rasikapriya
Arohanam	:	  C	 D#	  E	 F#	  G	 A#	  B	  C	
Avarohanam	:	  C	  B	 A#	  G	 F#	  E	 D#	  C	

